Using pre-set license
Built from '2020.3/china_unity/release' branch; Version is '2020.3.29f1c1 (23c0627a561f) revision 2343010'; Using compiler version '192528614'; Build Type 'Release'
OS: 'Windows 10  (10.0.19045) 64bit CoreCountrySpecific' Language: 'zh' Physical Memory: 16271 MB
BatchMode: 1, IsHumanControllingUs: 0, StartBugReporterOnCrash: 0, Is64bit: 1, IsPro: 0

COMMAND LINE ARGUMENTS:
E:\unity\2020.3.29f1c1\Editor\Unity.exe
-adb2
-batchMode
-noUpm
-name
AssetImportWorker0
-projectPath
F:/my_git/mix_and_jam/Batman-Arkham-Combat-main
-logFile
Logs/AssetImportWorker0.log
-srvPort
60300
Successfully changed project path to: F:/my_git/mix_and_jam/Batman-Arkham-Combat-main
F:/my_git/mix_and_jam/Batman-Arkham-Combat-main
Using Asset Import Pipeline V2.
AS: AutoStreaming module initializing.Refreshing native plugins compatible for Editor in 61.82 ms, found 4 plugins.
Preloading 0 native plugins for Editor in 0.00 ms.
Initialize engine version: 2020.3.29f1c1 (23c0627a561f)
[Subsystems] Discovering subsystems at path E:/unity/2020.3.29f1c1/Editor/Data/Resources/UnitySubsystems
[Subsystems] Discovering subsystems at path F:/my_git/mix_and_jam/Batman-Arkham-Combat-main/Assets
GfxDevice: creating device client; threaded=0
Direct3D:
    Version:  Direct3D 11.0 [level 11.1]
    Renderer: NVIDIA GeForce GTX 1060 6GB (ID=0x1c03)
    Vendor:   
    VRAM:     6044 MB
    Driver:   31.0.15.3623
Initialize mono
Mono path[0] = 'E:/unity/2020.3.29f1c1/Editor/Data/Managed'
Mono path[1] = 'E:/unity/2020.3.29f1c1/Editor/Data/MonoBleedingEdge/lib/mono/unityjit'
Mono config path = 'E:/unity/2020.3.29f1c1/Editor/Data/MonoBleedingEdge/etc'
Using monoOptions --debugger-agent=transport=dt_socket,embedding=1,server=y,suspend=n,address=127.0.0.1:56008
Begin MonoManager ReloadAssembly
Registering precompiled unity dll's ...
Register platform support module: E:/unity/2020.3.29f1c1/Editor/Data/PlaybackEngines/WebGLSupport/UnityEditor.WebGL.Extensions.dll
Register platform support module: E:/unity/2020.3.29f1c1/Editor/Data/PlaybackEngines/WindowsStandaloneSupport/UnityEditor.WindowsStandalone.Extensions.dll
Registered in 0.000778 seconds.
Native extension for WindowsStandalone target not found
Native extension for WebGL target not found
Refreshing native plugins compatible for Editor in 61.01 ms, found 4 plugins.
Preloading 0 native plugins for Editor in 0.00 ms.
Mono: successfully reloaded assembly
- Completed reload, in  0.395 seconds
Domain Reload Profiling:
	ReloadAssembly (395ms)
		BeginReloadAssembly (37ms)
			ExecutionOrderSort (0ms)
			DisableScriptedObjects (0ms)
			BackupInstance (0ms)
			ReleaseScriptingObjects (0ms)
			CreateAndSetChildDomain (1ms)
		EndReloadAssembly (315ms)
			LoadAssemblies (37ms)
			RebuildTransferFunctionScriptingTraits (0ms)
			SetupTypeCache (89ms)
			ReleaseScriptCaches (0ms)
			RebuildScriptCaches (17ms)
			SetupLoadedEditorAssemblies (143ms)
				LogAssemblyErrors (0ms)
				InitializePlatformSupportModulesInManaged (3ms)
				SetLoadedEditorAssemblies (0ms)
				RefreshPlugins (61ms)
				BeforeProcessingInitializeOnLoad (10ms)
				ProcessInitializeOnLoadAttributes (52ms)
				ProcessInitializeOnLoadMethodAttributes (16ms)
				AfterProcessingInitializeOnLoad (0ms)
				EditorAssembliesLoaded (0ms)
			ExecutionOrderSort2 (0ms)
			AwakeInstancesAfterBackupRestoration (0ms)
Platform modules already initialized, skipping
Registering precompiled user dll's ...
Registered in 0.002169 seconds.
Begin MonoManager ReloadAssembly
Native extension for WindowsStandalone target not found
Native extension for WebGL target not found
Refreshing native plugins compatible for Editor in 69.58 ms, found 4 plugins.
Preloading 0 native plugins for Editor in 0.00 ms.
Mono: successfully reloaded assembly
- Completed reload, in  1.046 seconds
Domain Reload Profiling:
	ReloadAssembly (1047ms)
		BeginReloadAssembly (96ms)
			ExecutionOrderSort (0ms)
			DisableScriptedObjects (3ms)
			BackupInstance (0ms)
			ReleaseScriptingObjects (0ms)
			CreateAndSetChildDomain (15ms)
		EndReloadAssembly (916ms)
			LoadAssemblies (74ms)
			RebuildTransferFunctionScriptingTraits (0ms)
			SetupTypeCache (233ms)
			ReleaseScriptCaches (1ms)
			RebuildScriptCaches (53ms)
			SetupLoadedEditorAssemblies (480ms)
				LogAssemblyErrors (0ms)
				InitializePlatformSupportModulesInManaged (3ms)
				SetLoadedEditorAssemblies (0ms)
				RefreshPlugins (70ms)
				BeforeProcessingInitializeOnLoad (80ms)
				ProcessInitializeOnLoadAttributes (207ms)
				ProcessInitializeOnLoadMethodAttributes (119ms)
				AfterProcessingInitializeOnLoad (1ms)
				EditorAssembliesLoaded (0ms)
			ExecutionOrderSort2 (0ms)
			AwakeInstancesAfterBackupRestoration (4ms)
Platform modules already initialized, skipping
========================================================================
Worker process is ready to serve import requests
Launched and connected shader compiler UnityShaderCompiler.exe after 0.04 seconds
Refreshing native plugins compatible for Editor in 1.88 ms, found 4 plugins.
Preloading 0 native plugins for Editor in 0.00 ms.
Unloading 4506 Unused Serialized files (Serialized files now loaded: 0)
System memory in use before: 213.4 MB.
System memory in use after: 213.6 MB.

Unloading 26 unused Assets to reduce memory usage. Loaded Objects now: 4963.
Total: 7.969300 ms (FindLiveObjects: 0.734500 ms CreateObjectMapping: 0.190600 ms MarkObjects: 6.920800 ms  DeleteObjects: 0.121800 ms)

AssetImportParameters requested are different than current active one (requested -> active):
  custom:framework-win-MediaFoundation: 216162199b28c13a410421893ffa2e32 -> 
  custom:video-decoder-ogg-theora: a1e56fd34408186e4bbccfd4996cb3dc -> 
  custom:container-muxer-webm: aa71ff27fc2769a1b78a27578f13a17b -> 
  custom:container-demuxer-webm: 4f35f7cbe854078d1ac9338744f61a02 -> 
  custom:container-demuxer-ogg: 62fdf1f143b41e24485cea50d1cbac27 -> 
  custom:video-encoder-webm-vp8: eb34c28f22e8b96e1ab97ce403110664 -> 
  custom:video-decoder-webm-vp8: 9c59270c3fd7afecdb556c50c9e8de78 -> 
  custom:audio-decoder-ogg-vorbis: bf7c407c2cedff20999df2af8eb42d56 -> 
  custom:audio-encoder-webm-vorbis: bf7c407c2cedff20999df2af8eb42d56 -> 
========================================================================
Received Import Request.
  path: Assets/Jammo-Character/Animations/Combat-Animations/mixbot_low_v2-3-tpose@Punching Bag (1).fbx
  artifactKey: Guid(b4a64b8049f386748b0abb242acbe39c) Importer(815301076,1909f56bfc062723c751e8b465ee728b)
Start importing Assets/Jammo-Character/Animations/Combat-Animations/mixbot_low_v2-3-tpose@Punching Bag (1).fbx using Guid(b4a64b8049f386748b0abb242acbe39c) Importer(815301076,1909f56bfc062723c751e8b465ee728b)  -> (artifact id: 'a5accd85d31c69b8e5a10124fde9ba26') in 1.621940 seconds 
  Import took 1.631348 seconds .

========================================================================
Received Import Request.
  Time since last request: 0.000167 seconds.
  path: Assets/Jammo-Character/Animations/Combat-Animations/mixbot_low_v2-3-tpose@Flying Kick.fbx
  artifactKey: Guid(65c8190e71a134948994fa3e5da0dac6) Importer(815301076,1909f56bfc062723c751e8b465ee728b)
Start importing Assets/Jammo-Character/Animations/Combat-Animations/mixbot_low_v2-3-tpose@Flying Kick.fbx using Guid(65c8190e71a134948994fa3e5da0dac6) Importer(815301076,1909f56bfc062723c751e8b465ee728b)  -> (artifact id: '4825caee11a37c8c15b0aafeae99c2d6') in 0.319995 seconds 
  Import took 0.341989 seconds .

========================================================================
Received Import Request.
  Time since last request: 0.000178 seconds.
  path: Assets/Jammo-Character/Animations/Combat-Animations/mixbot_low_v2-3-tpose@Kicking.fbx
  artifactKey: Guid(712f5db3690db9b488457da8dc7d269e) Importer(815301076,1909f56bfc062723c751e8b465ee728b)
Start importing Assets/Jammo-Character/Animations/Combat-Animations/mixbot_low_v2-3-tpose@Kicking.fbx using Guid(712f5db3690db9b488457da8dc7d269e) Importer(815301076,1909f56bfc062723c751e8b465ee728b)  -> (artifact id: '7fc9310dcbb500b08f857e68146ee3f2') in 0.332723 seconds 
  Import took 0.338474 seconds .

========================================================================
Received Import Request.
  Time since last request: 0.000167 seconds.
  path: Assets/Jammo-Character/Animations/Combat-Animations/mixbot_low_v2-3-tpose@Dodging.fbx
  artifactKey: Guid(b1ce970ca84bcae49a3fe2b88adffe01) Importer(815301076,1909f56bfc062723c751e8b465ee728b)
Start importing Assets/Jammo-Character/Animations/Combat-Animations/mixbot_low_v2-3-tpose@Dodging.fbx using Guid(b1ce970ca84bcae49a3fe2b88adffe01) Importer(815301076,1909f56bfc062723c751e8b465ee728b)  -> (artifact id: '8283ca536f00d450929cda60f63d25e0') in 0.261747 seconds 
  Import took 0.267243 seconds .

========================================================================
Received Import Request.
  Time since last request: 0.000183 seconds.
  path: Assets/Jammo-Character/Animations/Combat-Animations/mixbot_low_v2-3@Flying Knee Punch Combo.fbx
  artifactKey: Guid(c837ad6a8a27eaf49af754f5a07f3c52) Importer(815301076,1909f56bfc062723c751e8b465ee728b)
Start importing Assets/Jammo-Character/Animations/Combat-Animations/mixbot_low_v2-3@Flying Knee Punch Combo.fbx using Guid(c837ad6a8a27eaf49af754f5a07f3c52) Importer(815301076,1909f56bfc062723c751e8b465ee728b)  -> (artifact id: '686813ff63565b00e8c88d6145e0966d') in 0.251203 seconds 
  Import took 0.257614 seconds .

========================================================================
Received Import Request.
  Time since last request: 0.000175 seconds.
  path: Assets/Jammo-Character/Animations/Combat-Animations
  artifactKey: Guid(6fad5a4ebaa2c0444ad560e5971dfdff) Importer(815301076,1909f56bfc062723c751e8b465ee728b)
Start importing Assets/Jammo-Character/Animations/Combat-Animations using Guid(6fad5a4ebaa2c0444ad560e5971dfdff) Importer(815301076,1909f56bfc062723c751e8b465ee728b)  -> (artifact id: '23b8fcbcba763f3004c242bc886ef36c') in 0.001207 seconds 
  Import took 0.005358 seconds .

========================================================================
Received Import Request.
  Time since last request: 6.982853 seconds.
  path: Assets/Jammo-Character/Animations/Combat-Animations/Flying Punch Combo.anim
  artifactKey: Guid(55e90255b44d7b94a9da55a54fde5e82) Importer(815301076,1909f56bfc062723c751e8b465ee728b)
Start importing Assets/Jammo-Character/Animations/Combat-Animations/Flying Punch Combo.anim using Guid(55e90255b44d7b94a9da55a54fde5e82) Importer(815301076,1909f56bfc062723c751e8b465ee728b)  -> (artifact id: '0f55d365869a289c3503381edd4aa8a5') in 0.035008 seconds 
  Import took 0.041382 seconds .

========================================================================
Received Import Request.
  Time since last request: 2.430452 seconds.
  path: Assets/Jammo-Character/Animations/Combat-Animations/Flying Kick.anim
  artifactKey: Guid(db6842fc41ec1f44c91ae37c6f1d33d1) Importer(815301076,1909f56bfc062723c751e8b465ee728b)
Start importing Assets/Jammo-Character/Animations/Combat-Animations/Flying Kick.anim using Guid(db6842fc41ec1f44c91ae37c6f1d33d1) Importer(815301076,1909f56bfc062723c751e8b465ee728b)  -> (artifact id: 'c2079b410171adbef8430b95a6cc8359') in 0.021947 seconds 
  Import took 0.028108 seconds .

========================================================================
Received Import Request.
  Time since last request: 0.875532 seconds.
  path: Assets/Jammo-Character/Animations/Combat-Animations/Crescent Kick.anim
  artifactKey: Guid(d019ec48c6db3874f9344d8bff80b6a4) Importer(815301076,1909f56bfc062723c751e8b465ee728b)
Start importing Assets/Jammo-Character/Animations/Combat-Animations/Crescent Kick.anim using Guid(d019ec48c6db3874f9344d8bff80b6a4) Importer(815301076,1909f56bfc062723c751e8b465ee728b)  -> (artifact id: '72982725842ed7a6a7a7ff64e36c2d7f') in 0.028801 seconds 
  Import took 0.035437 seconds .

========================================================================
Received Import Request.
  Time since last request: 1.806572 seconds.
  path: Assets/Jammo-Character/Animations/Combat-Animations/Cross Punch.anim
  artifactKey: Guid(4e34dad4e36c05b449389be705d4fb81) Importer(815301076,1909f56bfc062723c751e8b465ee728b)
Start importing Assets/Jammo-Character/Animations/Combat-Animations/Cross Punch.anim using Guid(4e34dad4e36c05b449389be705d4fb81) Importer(815301076,1909f56bfc062723c751e8b465ee728b)  -> (artifact id: 'df1d3cbceac6c81e911a99ff52f77566') in 0.013680 seconds 
  Import took 0.019869 seconds .

========================================================================
Received Import Request.
  Time since last request: 1.029783 seconds.
  path: Assets/Jammo-Character/Animations/Combat-Animations/Flip Kick.anim
  artifactKey: Guid(b954e56b84e683f42bd1ea10d2266e78) Importer(815301076,1909f56bfc062723c751e8b465ee728b)
Start importing Assets/Jammo-Character/Animations/Combat-Animations/Flip Kick.anim using Guid(b954e56b84e683f42bd1ea10d2266e78) Importer(815301076,1909f56bfc062723c751e8b465ee728b)  -> (artifact id: '58b23c276e76f4509e85e3c5a3a1fb67') in 0.037541 seconds 
  Import took 0.043981 seconds .

========================================================================
Received Import Request.
  Time since last request: 2.767911 seconds.
  path: Assets/Jammo-Character/Animations/Default/mixbot_low_v2-3@Idle.fbx
  artifactKey: Guid(183af21311df80847a74c571c1c9466b) Importer(815301076,1909f56bfc062723c751e8b465ee728b)
Start importing Assets/Jammo-Character/Animations/Default/mixbot_low_v2-3@Idle.fbx using Guid(183af21311df80847a74c571c1c9466b) Importer(815301076,1909f56bfc062723c751e8b465ee728b)  -> (artifact id: 'fd1db62c119ac4f63b99889f246eeda1') in 0.289015 seconds 
  Import took 0.296077 seconds .

========================================================================
Received Import Request.
  Time since last request: 0.000168 seconds.
  path: Assets/Jammo-Character/Animations/Default/mixbot_low_v2-3@Walking.fbx
  artifactKey: Guid(bdb1904928c08184b954c09f24a81820) Importer(815301076,1909f56bfc062723c751e8b465ee728b)
Start importing Assets/Jammo-Character/Animations/Default/mixbot_low_v2-3@Walking.fbx using Guid(bdb1904928c08184b954c09f24a81820) Importer(815301076,1909f56bfc062723c751e8b465ee728b)  -> (artifact id: '722c38551afaa288ede2688a45272466') in 0.283183 seconds 
  Import took 0.289635 seconds .

========================================================================
Received Import Request.
  Time since last request: 0.000194 seconds.
  path: Assets/Jammo-Character/Animations/Default/mixbot_low_v2-3@Running.fbx
  artifactKey: Guid(c3e0795cc5a1c6047bafa30bb1f31be4) Importer(815301076,1909f56bfc062723c751e8b465ee728b)
Start importing Assets/Jammo-Character/Animations/Default/mixbot_low_v2-3@Running.fbx using Guid(c3e0795cc5a1c6047bafa30bb1f31be4) Importer(815301076,1909f56bfc062723c751e8b465ee728b)  -> (artifact id: '725e7306ff7f277e749fe98a4ac84ba3') in 0.303335 seconds 
  Import took 0.309639 seconds .

========================================================================
Received Import Request.
  Time since last request: 5.568373 seconds.
  path: Assets/Jammo-Character/Animations/Enemy-Animations/left_strafe.fbx
  artifactKey: Guid(12150ad27bc73ae44ad08aa7316521a8) Importer(815301076,1909f56bfc062723c751e8b465ee728b)
Start importing Assets/Jammo-Character/Animations/Enemy-Animations/left_strafe.fbx using Guid(12150ad27bc73ae44ad08aa7316521a8) Importer(815301076,1909f56bfc062723c751e8b465ee728b)  -> (artifact id: '28991d9c597a56f6837627341eea36d5') in 0.281559 seconds 
  Import took 0.288379 seconds .

========================================================================
Received Import Request.
  Time since last request: 0.000177 seconds.
  path: Assets/Jammo-Character/Animations/Enemy-Animations/mixbot_low_v2-3-tpose@Walking Backwards.fbx
  artifactKey: Guid(b3057a249dac3e747ba0067ccfc32c38) Importer(815301076,1909f56bfc062723c751e8b465ee728b)
Start importing Assets/Jammo-Character/Animations/Enemy-Animations/mixbot_low_v2-3-tpose@Walking Backwards.fbx using Guid(b3057a249dac3e747ba0067ccfc32c38) Importer(815301076,1909f56bfc062723c751e8b465ee728b)  -> (artifact id: '406dafa17a6139bfaf733ec6f8c69f74') in 0.297325 seconds 
  Import took 0.303730 seconds .

========================================================================
Received Import Request.
  Time since last request: 0.000182 seconds.
  path: Assets/Jammo-Character/Animations/Enemy-Animations/mixbot_low_v2-3-tpose@Idle.fbx
  artifactKey: Guid(51016e2365df9274ebf8aaf7194925aa) Importer(815301076,1909f56bfc062723c751e8b465ee728b)
Start importing Assets/Jammo-Character/Animations/Enemy-Animations/mixbot_low_v2-3-tpose@Idle.fbx using Guid(51016e2365df9274ebf8aaf7194925aa) Importer(815301076,1909f56bfc062723c751e8b465ee728b)  -> (artifact id: 'a696faa306d476be66ea5b31170eda87') in 0.297362 seconds 
  Import took 0.304074 seconds .

========================================================================
Received Import Request.
  Time since last request: 0.000172 seconds.
  path: Assets/Jammo-Character/Animations/Enemy-Animations/mixbot_low_v2-3-tpose@Flying Back Death.fbx
  artifactKey: Guid(33523c8da45af274b9cf2544d3deb6df) Importer(815301076,1909f56bfc062723c751e8b465ee728b)
Start importing Assets/Jammo-Character/Animations/Enemy-Animations/mixbot_low_v2-3-tpose@Flying Back Death.fbx using Guid(33523c8da45af274b9cf2544d3deb6df) Importer(815301076,1909f56bfc062723c751e8b465ee728b)  -> (artifact id: 'a3e95a9708f6b45caabd2cd7753c487c') in 0.286694 seconds 
  Import took 0.293137 seconds .

========================================================================
Received Import Request.
  Time since last request: 0.000161 seconds.
  path: Assets/Jammo-Character/Animations/Enemy-Animations/right_strafe.fbx
  artifactKey: Guid(0d7638f9965bb794c92e909952c1a86a) Importer(815301076,1909f56bfc062723c751e8b465ee728b)
Start importing Assets/Jammo-Character/Animations/Enemy-Animations/right_strafe.fbx using Guid(0d7638f9965bb794c92e909952c1a86a) Importer(815301076,1909f56bfc062723c751e8b465ee728b)  -> (artifact id: 'b5e4334b5460df977846b6884e30d033') in 0.334673 seconds 
  Import took 0.340892 seconds .

========================================================================
Received Import Request.
  Time since last request: 0.000175 seconds.
  path: Assets/Jammo-Character/Animations/Enemy-Animations/mixbot_low_v2-3@Head Hit.fbx
  artifactKey: Guid(c2952e7a32506094c9de491ea6339134) Importer(815301076,1909f56bfc062723c751e8b465ee728b)
Start importing Assets/Jammo-Character/Animations/Enemy-Animations/mixbot_low_v2-3@Head Hit.fbx using Guid(c2952e7a32506094c9de491ea6339134) Importer(815301076,1909f56bfc062723c751e8b465ee728b)  -> (artifact id: 'b93c58910809a270287a893d39032faf') in 0.293996 seconds 
  Import took 0.300305 seconds .

========================================================================
Received Import Request.
  Time since last request: 10.800027 seconds.
  path: Assets/Jammo-Character/Files
  artifactKey: Guid(79685d3e0c5b4174a8aa832dcc2f4038) Importer(815301076,1909f56bfc062723c751e8b465ee728b)
Start importing Assets/Jammo-Character/Files using Guid(79685d3e0c5b4174a8aa832dcc2f4038) Importer(815301076,1909f56bfc062723c751e8b465ee728b)  -> (artifact id: '5ca7fb8459b904da678f803f8f7d466f') in 0.001919 seconds 
  Import took 0.008001 seconds .

========================================================================
Received Import Request.
  Time since last request: 2.348437 seconds.
  path: Assets/Jammo-Character/Textures
  artifactKey: Guid(d15049d3ea55e7b408b3c08a576b11a4) Importer(815301076,1909f56bfc062723c751e8b465ee728b)
Start importing Assets/Jammo-Character/Textures using Guid(d15049d3ea55e7b408b3c08a576b11a4) Importer(815301076,1909f56bfc062723c751e8b465ee728b)  -> (artifact id: '27526004288ebea5d25880fb8bfacaf1') in 0.001540 seconds 
  Import took 0.008961 seconds .

========================================================================
Received Import Request.
  Time since last request: 5.742106 seconds.
  path: Assets/Jammo-Character/Scripts
  artifactKey: Guid(42e09110c681a2f4098bd04db06a8ad3) Importer(815301076,1909f56bfc062723c751e8b465ee728b)
Start importing Assets/Jammo-Character/Scripts using Guid(42e09110c681a2f4098bd04db06a8ad3) Importer(815301076,1909f56bfc062723c751e8b465ee728b)  -> (artifact id: '4888cf401711b7170e77798d3e534cb9') in 0.010401 seconds 
  Import took 0.016848 seconds .

========================================================================
Received Prepare
Registering precompiled user dll's ...
Registered in 0.002352 seconds.
Begin MonoManager ReloadAssembly
Native extension for WindowsStandalone target not found
Native extension for WebGL target not found
Refreshing native plugins compatible for Editor in 0.92 ms, found 4 plugins.
Preloading 0 native plugins for Editor in 0.00 ms.
Mono: successfully reloaded assembly
- Completed reload, in  1.046 seconds
Domain Reload Profiling:
	ReloadAssembly (1047ms)
		BeginReloadAssembly (162ms)
			ExecutionOrderSort (1ms)
			DisableScriptedObjects (47ms)
			BackupInstance (0ms)
			ReleaseScriptingObjects (0ms)
			CreateAndSetChildDomain (45ms)
		EndReloadAssembly (849ms)
			LoadAssemblies (61ms)
			RebuildTransferFunctionScriptingTraits (0ms)
			SetupTypeCache (221ms)
			ReleaseScriptCaches (2ms)
			RebuildScriptCaches (41ms)
			SetupLoadedEditorAssemblies (275ms)
				LogAssemblyErrors (0ms)
				InitializePlatformSupportModulesInManaged (3ms)
				SetLoadedEditorAssemblies (0ms)
				RefreshPlugins (1ms)
				BeforeProcessingInitializeOnLoad (67ms)
				ProcessInitializeOnLoadAttributes (194ms)
				ProcessInitializeOnLoadMethodAttributes (8ms)
				AfterProcessingInitializeOnLoad (1ms)
				EditorAssembliesLoaded (0ms)
			ExecutionOrderSort2 (0ms)
			AwakeInstancesAfterBackupRestoration (6ms)
Platform modules already initialized, skipping
Refreshing native plugins compatible for Editor in 0.92 ms, found 4 plugins.
Preloading 0 native plugins for Editor in 0.00 ms.
Unloading 4202 Unused Serialized files (Serialized files now loaded: 0)
System memory in use before: 227.9 MB.
System memory in use after: 228.2 MB.

Unloading 19 unused Assets to reduce memory usage. Loaded Objects now: 5135.
Total: 3.789200 ms (FindLiveObjects: 0.685200 ms CreateObjectMapping: 0.144300 ms MarkObjects: 2.935100 ms  DeleteObjects: 0.023900 ms)

AssetImportParameters requested are different than current active one (requested -> active):
  custom:framework-win-MediaFoundation: 216162199b28c13a410421893ffa2e32 -> 
  custom:video-decoder-ogg-theora: a1e56fd34408186e4bbccfd4996cb3dc -> 
  custom:container-muxer-webm: aa71ff27fc2769a1b78a27578f13a17b -> 
  custom:container-demuxer-webm: 4f35f7cbe854078d1ac9338744f61a02 -> 
  custom:container-demuxer-ogg: 62fdf1f143b41e24485cea50d1cbac27 -> 
  custom:video-encoder-webm-vp8: eb34c28f22e8b96e1ab97ce403110664 -> 
  custom:video-decoder-webm-vp8: 9c59270c3fd7afecdb556c50c9e8de78 -> 
  custom:audio-decoder-ogg-vorbis: bf7c407c2cedff20999df2af8eb42d56 -> 
  custom:audio-encoder-webm-vorbis: bf7c407c2cedff20999df2af8eb42d56 -> 
========================================================================
Received Import Request.
  Time since last request: 1823.067236 seconds.
  path: Assets/Jammo-Character/Animations/AnimatorController_Jamo.controller
  artifactKey: Guid(535d24752e3d6444da644e79e90ec2ca) Importer(815301076,1909f56bfc062723c751e8b465ee728b)
Start importing Assets/Jammo-Character/Animations/AnimatorController_Jamo.controller using Guid(535d24752e3d6444da644e79e90ec2ca) Importer(815301076,1909f56bfc062723c751e8b465ee728b)  -> (artifact id: '1d209f3e1026cfabf72382ee1561c153') in 1.221980 seconds 
  Import took 1.257564 seconds .

========================================================================
Received Prepare
Registering precompiled user dll's ...
Registered in 0.002587 seconds.
Begin MonoManager ReloadAssembly
Native extension for WindowsStandalone target not found
Native extension for WebGL target not found
Refreshing native plugins compatible for Editor in 0.93 ms, found 4 plugins.
Preloading 0 native plugins for Editor in 0.00 ms.
Mono: successfully reloaded assembly
- Completed reload, in  0.869 seconds
Domain Reload Profiling:
	ReloadAssembly (870ms)
		BeginReloadAssembly (89ms)
			ExecutionOrderSort (0ms)
			DisableScriptedObjects (3ms)
			BackupInstance (0ms)
			ReleaseScriptingObjects (0ms)
			CreateAndSetChildDomain (35ms)
		EndReloadAssembly (746ms)
			LoadAssemblies (65ms)
			RebuildTransferFunctionScriptingTraits (0ms)
			SetupTypeCache (219ms)
			ReleaseScriptCaches (2ms)
			RebuildScriptCaches (45ms)
			SetupLoadedEditorAssemblies (274ms)
				LogAssemblyErrors (0ms)
				InitializePlatformSupportModulesInManaged (3ms)
				SetLoadedEditorAssemblies (0ms)
				RefreshPlugins (1ms)
				BeforeProcessingInitializeOnLoad (69ms)
				ProcessInitializeOnLoadAttributes (191ms)
				ProcessInitializeOnLoadMethodAttributes (7ms)
				AfterProcessingInitializeOnLoad (2ms)
				EditorAssembliesLoaded (0ms)
			ExecutionOrderSort2 (0ms)
			AwakeInstancesAfterBackupRestoration (12ms)
Platform modules already initialized, skipping
Refreshing native plugins compatible for Editor in 1.00 ms, found 4 plugins.
Preloading 0 native plugins for Editor in 0.00 ms.
Unloading 4189 Unused Serialized files (Serialized files now loaded: 0)
System memory in use before: 227.1 MB.
System memory in use after: 227.4 MB.

Unloading 19 unused Assets to reduce memory usage. Loaded Objects now: 5137.
Total: 3.583000 ms (FindLiveObjects: 0.300600 ms CreateObjectMapping: 0.187400 ms MarkObjects: 3.070200 ms  DeleteObjects: 0.023800 ms)

AssetImportParameters requested are different than current active one (requested -> active):
  custom:framework-win-MediaFoundation: 216162199b28c13a410421893ffa2e32 -> 
  custom:video-decoder-ogg-theora: a1e56fd34408186e4bbccfd4996cb3dc -> 
  custom:container-muxer-webm: aa71ff27fc2769a1b78a27578f13a17b -> 
  custom:container-demuxer-webm: 4f35f7cbe854078d1ac9338744f61a02 -> 
  custom:container-demuxer-ogg: 62fdf1f143b41e24485cea50d1cbac27 -> 
  custom:video-encoder-webm-vp8: eb34c28f22e8b96e1ab97ce403110664 -> 
  custom:video-decoder-webm-vp8: 9c59270c3fd7afecdb556c50c9e8de78 -> 
  custom:audio-decoder-ogg-vorbis: bf7c407c2cedff20999df2af8eb42d56 -> 
  custom:audio-encoder-webm-vorbis: bf7c407c2cedff20999df2af8eb42d56 -> 
========================================================================
Received Prepare
Registering precompiled user dll's ...
Registered in 0.002730 seconds.
Begin MonoManager ReloadAssembly
Native extension for WindowsStandalone target not found
Native extension for WebGL target not found
Refreshing native plugins compatible for Editor in 0.88 ms, found 4 plugins.
Preloading 0 native plugins for Editor in 0.00 ms.
Mono: successfully reloaded assembly
- Completed reload, in  0.983 seconds
Domain Reload Profiling:
	ReloadAssembly (985ms)
		BeginReloadAssembly (146ms)
			ExecutionOrderSort (0ms)
			DisableScriptedObjects (8ms)
			BackupInstance (0ms)
			ReleaseScriptingObjects (0ms)
			CreateAndSetChildDomain (66ms)
		EndReloadAssembly (801ms)
			LoadAssemblies (80ms)
			RebuildTransferFunctionScriptingTraits (0ms)
			SetupTypeCache (257ms)
			ReleaseScriptCaches (2ms)
			RebuildScriptCaches (44ms)
			SetupLoadedEditorAssemblies (293ms)
				LogAssemblyErrors (0ms)
				InitializePlatformSupportModulesInManaged (3ms)
				SetLoadedEditorAssemblies (0ms)
				RefreshPlugins (1ms)
				BeforeProcessingInitializeOnLoad (69ms)
				ProcessInitializeOnLoadAttributes (209ms)
				ProcessInitializeOnLoadMethodAttributes (9ms)
				AfterProcessingInitializeOnLoad (1ms)
				EditorAssembliesLoaded (0ms)
			ExecutionOrderSort2 (0ms)
			AwakeInstancesAfterBackupRestoration (13ms)
Platform modules already initialized, skipping
Refreshing native plugins compatible for Editor in 0.93 ms, found 4 plugins.
Preloading 0 native plugins for Editor in 0.00 ms.
Unloading 4189 Unused Serialized files (Serialized files now loaded: 0)
System memory in use before: 227.2 MB.
System memory in use after: 227.5 MB.

Unloading 19 unused Assets to reduce memory usage. Loaded Objects now: 5139.
Total: 4.516500 ms (FindLiveObjects: 0.402400 ms CreateObjectMapping: 0.333300 ms MarkObjects: 3.742700 ms  DeleteObjects: 0.037100 ms)

AssetImportParameters requested are different than current active one (requested -> active):
  custom:framework-win-MediaFoundation: 216162199b28c13a410421893ffa2e32 -> 
  custom:video-decoder-ogg-theora: a1e56fd34408186e4bbccfd4996cb3dc -> 
  custom:container-muxer-webm: aa71ff27fc2769a1b78a27578f13a17b -> 
  custom:container-demuxer-webm: 4f35f7cbe854078d1ac9338744f61a02 -> 
  custom:container-demuxer-ogg: 62fdf1f143b41e24485cea50d1cbac27 -> 
  custom:video-encoder-webm-vp8: eb34c28f22e8b96e1ab97ce403110664 -> 
  custom:video-decoder-webm-vp8: 9c59270c3fd7afecdb556c50c9e8de78 -> 
  custom:audio-decoder-ogg-vorbis: bf7c407c2cedff20999df2af8eb42d56 -> 
  custom:audio-encoder-webm-vorbis: bf7c407c2cedff20999df2af8eb42d56 -> 
========================================================================
Received Prepare
Registering precompiled user dll's ...
Registered in 0.033118 seconds.
Begin MonoManager ReloadAssembly
Native extension for WindowsStandalone target not found
Native extension for WebGL target not found
Refreshing native plugins compatible for Editor in 0.92 ms, found 4 plugins.
Preloading 0 native plugins for Editor in 0.00 ms.
Mono: successfully reloaded assembly
- Completed reload, in  3.065 seconds
Domain Reload Profiling:
	ReloadAssembly (3150ms)
		BeginReloadAssembly (1534ms)
			ExecutionOrderSort (0ms)
			DisableScriptedObjects (179ms)
			BackupInstance (0ms)
			ReleaseScriptingObjects (0ms)
			CreateAndSetChildDomain (752ms)
		EndReloadAssembly (1486ms)
			LoadAssemblies (405ms)
			RebuildTransferFunctionScriptingTraits (0ms)
			SetupTypeCache (413ms)
			ReleaseScriptCaches (10ms)
			RebuildScriptCaches (118ms)
			SetupLoadedEditorAssemblies (490ms)
				LogAssemblyErrors (0ms)
				InitializePlatformSupportModulesInManaged (4ms)
				SetLoadedEditorAssemblies (0ms)
				RefreshPlugins (1ms)
				BeforeProcessingInitializeOnLoad (108ms)
				ProcessInitializeOnLoadAttributes (365ms)
				ProcessInitializeOnLoadMethodAttributes (9ms)
				AfterProcessingInitializeOnLoad (2ms)
				EditorAssembliesLoaded (0ms)
			ExecutionOrderSort2 (0ms)
			AwakeInstancesAfterBackupRestoration (15ms)
Platform modules already initialized, skipping
Refreshing native plugins compatible for Editor in 0.99 ms, found 4 plugins.
Preloading 0 native plugins for Editor in 0.00 ms.
Unloading 4189 Unused Serialized files (Serialized files now loaded: 0)
System memory in use before: 227.2 MB.
System memory in use after: 227.5 MB.

Unloading 19 unused Assets to reduce memory usage. Loaded Objects now: 5141.
Total: 3.786100 ms (FindLiveObjects: 0.339600 ms CreateObjectMapping: 0.202700 ms MarkObjects: 3.208000 ms  DeleteObjects: 0.034600 ms)

AssetImportParameters requested are different than current active one (requested -> active):
  custom:framework-win-MediaFoundation: 216162199b28c13a410421893ffa2e32 -> 
  custom:video-decoder-ogg-theora: a1e56fd34408186e4bbccfd4996cb3dc -> 
  custom:container-muxer-webm: aa71ff27fc2769a1b78a27578f13a17b -> 
  custom:container-demuxer-webm: 4f35f7cbe854078d1ac9338744f61a02 -> 
  custom:container-demuxer-ogg: 62fdf1f143b41e24485cea50d1cbac27 -> 
  custom:video-encoder-webm-vp8: eb34c28f22e8b96e1ab97ce403110664 -> 
  custom:video-decoder-webm-vp8: 9c59270c3fd7afecdb556c50c9e8de78 -> 
  custom:audio-decoder-ogg-vorbis: bf7c407c2cedff20999df2af8eb42d56 -> 
  custom:audio-encoder-webm-vorbis: bf7c407c2cedff20999df2af8eb42d56 -> 
========================================================================
Received Import Request.
  Time since last request: 20050.283607 seconds.
  path: Assets/Scenes/MixandJam.unity
  artifactKey: Guid(8ac413c46a121f641b12cf38b3fded7a) Importer(815301076,1909f56bfc062723c751e8b465ee728b)
Start importing Assets/Scenes/MixandJam.unity using Guid(8ac413c46a121f641b12cf38b3fded7a) Importer(815301076,1909f56bfc062723c751e8b465ee728b)  -> (artifact id: '7d9ab298d1cb7818b2f0a265f4be492b') in 2.877572 seconds 
  Import took 3.018206 seconds .

========================================================================
Received Import Request.
  Time since last request: 19.679913 seconds.
  path: Assets/Scenes/New Scene.unity
  artifactKey: Guid(dddd788bd4892ba4a9b675b8270b54ad) Importer(815301076,1909f56bfc062723c751e8b465ee728b)
Start importing Assets/Scenes/New Scene.unity using Guid(dddd788bd4892ba4a9b675b8270b54ad) Importer(815301076,1909f56bfc062723c751e8b465ee728b)  -> (artifact id: '2299a493380fe795c124e43e37a33e99') in 0.051284 seconds 
  Import took 0.075379 seconds .

========================================================================
Received Import Request.
  Time since last request: 57.563770 seconds.
  path: Assets/Scenes/New Material.mat
  artifactKey: Guid(f10728dcf6aa2144d83a562b135fbc77) Importer(815301076,1909f56bfc062723c751e8b465ee728b)
Start importing Assets/Scenes/New Material.mat using Guid(f10728dcf6aa2144d83a562b135fbc77) Importer(815301076,1909f56bfc062723c751e8b465ee728b)  -> (artifact id: '1e59980acc01bef95bf3c24a307ff4d0') in 1.472741 seconds 
  Import took 1.488354 seconds .

========================================================================
Received Import Request.
  Time since last request: 36.722542 seconds.
  path: Assets/Jammo-Character/Animations/Enemy-Animations
  artifactKey: Guid(f4aee06484c51cd4fa3965cfaaf9bdd9) Importer(815301076,1909f56bfc062723c751e8b465ee728b)
Start importing Assets/Jammo-Character/Animations/Enemy-Animations using Guid(f4aee06484c51cd4fa3965cfaaf9bdd9) Importer(815301076,1909f56bfc062723c751e8b465ee728b)  -> (artifact id: 'ef4a28791d8959bd1f0223dd5c46f580') in 0.001543 seconds 
  Import took 0.077045 seconds .

========================================================================
Received Import Request.
  Time since last request: 3.902004 seconds.
  path: Assets/Jammo-Character/Animations/Default
  artifactKey: Guid(af649c378c243224f85a315a25a02b2a) Importer(815301076,1909f56bfc062723c751e8b465ee728b)
Start importing Assets/Jammo-Character/Animations/Default using Guid(af649c378c243224f85a315a25a02b2a) Importer(815301076,1909f56bfc062723c751e8b465ee728b)  -> (artifact id: '51ca38b0065a42fe5614f8d2cae7b1e9') in 0.001611 seconds 
  Import took 0.029021 seconds .

========================================================================
Received Import Request.
  Time since last request: 33.628118 seconds.
  path: Assets/Jammo-Character/Animations/Batman-Combat-Animations
  artifactKey: Guid(ebdd3b0b8a72df34c982cec898a8b851) Importer(815301076,1909f56bfc062723c751e8b465ee728b)
Start importing Assets/Jammo-Character/Animations/Batman-Combat-Animations using Guid(ebdd3b0b8a72df34c982cec898a8b851) Importer(815301076,1909f56bfc062723c751e8b465ee728b)  -> (artifact id: '6f7244e826f7f163bf999fd5bbe6214d') in 0.001741 seconds 
  Import took 0.032554 seconds .

========================================================================
Received Import Request.
  Time since last request: 146.927854 seconds.
  path: Assets
  artifactKey: Guid(00000000000000001000000000000000) Importer(815301076,1909f56bfc062723c751e8b465ee728b)
Start importing Assets using Guid(00000000000000001000000000000000) Importer(815301076,1909f56bfc062723c751e8b465ee728b)  -> (artifact id: '42d402b061de3733987d63b9cc3b64de') in 0.002163 seconds 
  Import took 0.153411 seconds .

========================================================================
Received Prepare
Registering precompiled user dll's ...
Registered in 0.002731 seconds.
Begin MonoManager ReloadAssembly
Native extension for WindowsStandalone target not found
Native extension for WebGL target not found
Refreshing native plugins compatible for Editor in 0.89 ms, found 4 plugins.
Preloading 0 native plugins for Editor in 0.00 ms.
Mono: successfully reloaded assembly
- Completed reload, in  1.006 seconds
Domain Reload Profiling:
	ReloadAssembly (1007ms)
		BeginReloadAssembly (141ms)
			ExecutionOrderSort (0ms)
			DisableScriptedObjects (21ms)
			BackupInstance (0ms)
			ReleaseScriptingObjects (0ms)
			CreateAndSetChildDomain (52ms)
		EndReloadAssembly (828ms)
			LoadAssemblies (89ms)
			RebuildTransferFunctionScriptingTraits (0ms)
			SetupTypeCache (239ms)
			ReleaseScriptCaches (2ms)
			RebuildScriptCaches (49ms)
			SetupLoadedEditorAssemblies (310ms)
				LogAssemblyErrors (0ms)
				InitializePlatformSupportModulesInManaged (3ms)
				SetLoadedEditorAssemblies (0ms)
				RefreshPlugins (1ms)
				BeforeProcessingInitializeOnLoad (67ms)
				ProcessInitializeOnLoadAttributes (229ms)
				ProcessInitializeOnLoadMethodAttributes (8ms)
				AfterProcessingInitializeOnLoad (1ms)
				EditorAssembliesLoaded (0ms)
			ExecutionOrderSort2 (0ms)
			AwakeInstancesAfterBackupRestoration (13ms)
Platform modules already initialized, skipping
Refreshing native plugins compatible for Editor in 0.89 ms, found 4 plugins.
Preloading 0 native plugins for Editor in 0.00 ms.
Unloading 4189 Unused Serialized files (Serialized files now loaded: 0)
System memory in use before: 227.6 MB.
System memory in use after: 227.9 MB.

Unloading 19 unused Assets to reduce memory usage. Loaded Objects now: 5244.
Total: 3.992800 ms (FindLiveObjects: 0.341000 ms CreateObjectMapping: 0.192300 ms MarkObjects: 3.434300 ms  DeleteObjects: 0.024600 ms)

AssetImportParameters requested are different than current active one (requested -> active):
  custom:framework-win-MediaFoundation: 216162199b28c13a410421893ffa2e32 -> 
  custom:video-decoder-ogg-theora: a1e56fd34408186e4bbccfd4996cb3dc -> 
  custom:container-muxer-webm: aa71ff27fc2769a1b78a27578f13a17b -> 
  custom:container-demuxer-webm: 4f35f7cbe854078d1ac9338744f61a02 -> 
  custom:container-demuxer-ogg: 62fdf1f143b41e24485cea50d1cbac27 -> 
  custom:video-encoder-webm-vp8: eb34c28f22e8b96e1ab97ce403110664 -> 
  custom:video-decoder-webm-vp8: 9c59270c3fd7afecdb556c50c9e8de78 -> 
  custom:audio-decoder-ogg-vorbis: bf7c407c2cedff20999df2af8eb42d56 -> 
  custom:audio-encoder-webm-vorbis: bf7c407c2cedff20999df2af8eb42d56 -> 
========================================================================
Received Import Request.
  Time since last request: 12.915889 seconds.
  path: Assets/test
  artifactKey: Guid(b295142756835214cb6343f01d06c2a3) Importer(815301076,1909f56bfc062723c751e8b465ee728b)
Start importing Assets/test using Guid(b295142756835214cb6343f01d06c2a3) Importer(815301076,1909f56bfc062723c751e8b465ee728b)  -> (artifact id: 'e62599d8f6d0f7f6feeee627d8b0288b') in 0.031412 seconds 
  Import took 0.054254 seconds .

========================================================================
Received Import Request.
  Time since last request: 41.693313 seconds.
  path: Assets/test/New Animation.anim
  artifactKey: Guid(7ae8357b6b0b32b4faf341628f39e0b2) Importer(815301076,1909f56bfc062723c751e8b465ee728b)
Start importing Assets/test/New Animation.anim using Guid(7ae8357b6b0b32b4faf341628f39e0b2) Importer(815301076,1909f56bfc062723c751e8b465ee728b)  -> (artifact id: '4d5c89d1de83e65a8eedc7b08e871fab') in 0.073670 seconds 
  Import took 0.105561 seconds .

========================================================================
Received Prepare
Registering precompiled user dll's ...
Registered in 0.002425 seconds.
Begin MonoManager ReloadAssembly
Native extension for WindowsStandalone target not found
Native extension for WebGL target not found
Refreshing native plugins compatible for Editor in 0.88 ms, found 4 plugins.
Preloading 0 native plugins for Editor in 0.00 ms.
Mono: successfully reloaded assembly
- Completed reload, in  0.922 seconds
Domain Reload Profiling:
	ReloadAssembly (923ms)
		BeginReloadAssembly (91ms)
			ExecutionOrderSort (0ms)
			DisableScriptedObjects (4ms)
			BackupInstance (0ms)
			ReleaseScriptingObjects (0ms)
			CreateAndSetChildDomain (35ms)
		EndReloadAssembly (796ms)
			LoadAssemblies (106ms)
			RebuildTransferFunctionScriptingTraits (0ms)
			SetupTypeCache (223ms)
			ReleaseScriptCaches (2ms)
			RebuildScriptCaches (42ms)
			SetupLoadedEditorAssemblies (290ms)
				LogAssemblyErrors (0ms)
				InitializePlatformSupportModulesInManaged (3ms)
				SetLoadedEditorAssemblies (0ms)
				RefreshPlugins (1ms)
				BeforeProcessingInitializeOnLoad (66ms)
				ProcessInitializeOnLoadAttributes (211ms)
				ProcessInitializeOnLoadMethodAttributes (7ms)
				AfterProcessingInitializeOnLoad (1ms)
				EditorAssembliesLoaded (0ms)
			ExecutionOrderSort2 (0ms)
			AwakeInstancesAfterBackupRestoration (13ms)
Platform modules already initialized, skipping
Refreshing native plugins compatible for Editor in 0.89 ms, found 4 plugins.
Preloading 0 native plugins for Editor in 0.00 ms.
Unloading 4189 Unused Serialized files (Serialized files now loaded: 0)
System memory in use before: 227.6 MB.
System memory in use after: 227.9 MB.

Unloading 19 unused Assets to reduce memory usage. Loaded Objects now: 5246.
Total: 4.681700 ms (FindLiveObjects: 0.369600 ms CreateObjectMapping: 0.224900 ms MarkObjects: 4.059200 ms  DeleteObjects: 0.026900 ms)

AssetImportParameters requested are different than current active one (requested -> active):
  custom:framework-win-MediaFoundation: 216162199b28c13a410421893ffa2e32 -> 
  custom:video-decoder-ogg-theora: a1e56fd34408186e4bbccfd4996cb3dc -> 
  custom:container-muxer-webm: aa71ff27fc2769a1b78a27578f13a17b -> 
  custom:container-demuxer-webm: 4f35f7cbe854078d1ac9338744f61a02 -> 
  custom:container-demuxer-ogg: 62fdf1f143b41e24485cea50d1cbac27 -> 
  custom:video-encoder-webm-vp8: eb34c28f22e8b96e1ab97ce403110664 -> 
  custom:video-decoder-webm-vp8: 9c59270c3fd7afecdb556c50c9e8de78 -> 
  custom:audio-decoder-ogg-vorbis: bf7c407c2cedff20999df2af8eb42d56 -> 
  custom:audio-encoder-webm-vorbis: bf7c407c2cedff20999df2af8eb42d56 -> 
========================================================================
Received Prepare
Registering precompiled user dll's ...
Registered in 0.002396 seconds.
Begin MonoManager ReloadAssembly
Native extension for WindowsStandalone target not found
Native extension for WebGL target not found
Refreshing native plugins compatible for Editor in 0.88 ms, found 4 plugins.
Preloading 0 native plugins for Editor in 0.00 ms.
Mono: successfully reloaded assembly
- Completed reload, in  1.255 seconds
Domain Reload Profiling:
	ReloadAssembly (1255ms)
		BeginReloadAssembly (92ms)
			ExecutionOrderSort (0ms)
			DisableScriptedObjects (4ms)
			BackupInstance (0ms)
			ReleaseScriptingObjects (0ms)
			CreateAndSetChildDomain (35ms)
		EndReloadAssembly (1128ms)
			LoadAssemblies (383ms)
			RebuildTransferFunctionScriptingTraits (0ms)
			SetupTypeCache (240ms)
			ReleaseScriptCaches (2ms)
			RebuildScriptCaches (41ms)
			SetupLoadedEditorAssemblies (315ms)
				LogAssemblyErrors (0ms)
				InitializePlatformSupportModulesInManaged (3ms)
				SetLoadedEditorAssemblies (0ms)
				RefreshPlugins (1ms)
				BeforeProcessingInitializeOnLoad (75ms)
				ProcessInitializeOnLoadAttributes (226ms)
				ProcessInitializeOnLoadMethodAttributes (8ms)
				AfterProcessingInitializeOnLoad (1ms)
				EditorAssembliesLoaded (0ms)
			ExecutionOrderSort2 (0ms)
			AwakeInstancesAfterBackupRestoration (15ms)
Platform modules already initialized, skipping
Refreshing native plugins compatible for Editor in 0.86 ms, found 4 plugins.
Preloading 0 native plugins for Editor in 0.00 ms.
Unloading 4189 Unused Serialized files (Serialized files now loaded: 0)
System memory in use before: 227.6 MB.
System memory in use after: 227.9 MB.

Unloading 19 unused Assets to reduce memory usage. Loaded Objects now: 5248.
Total: 3.749200 ms (FindLiveObjects: 0.341600 ms CreateObjectMapping: 0.196100 ms MarkObjects: 3.188000 ms  DeleteObjects: 0.023000 ms)

AssetImportParameters requested are different than current active one (requested -> active):
  custom:framework-win-MediaFoundation: 216162199b28c13a410421893ffa2e32 -> 
  custom:video-decoder-ogg-theora: a1e56fd34408186e4bbccfd4996cb3dc -> 
  custom:container-muxer-webm: aa71ff27fc2769a1b78a27578f13a17b -> 
  custom:container-demuxer-webm: 4f35f7cbe854078d1ac9338744f61a02 -> 
  custom:container-demuxer-ogg: 62fdf1f143b41e24485cea50d1cbac27 -> 
  custom:video-encoder-webm-vp8: eb34c28f22e8b96e1ab97ce403110664 -> 
  custom:video-decoder-webm-vp8: 9c59270c3fd7afecdb556c50c9e8de78 -> 
  custom:audio-decoder-ogg-vorbis: bf7c407c2cedff20999df2af8eb42d56 -> 
  custom:audio-encoder-webm-vorbis: bf7c407c2cedff20999df2af8eb42d56 -> 
========================================================================
Received Import Request.
  Time since last request: 413.041851 seconds.
  path: Assets/Jammo-Character/Scenes/JammoScene_Profiles
  artifactKey: Guid(0812d853c21941242af11b6947824b4a) Importer(815301076,1909f56bfc062723c751e8b465ee728b)
Start importing Assets/Jammo-Character/Scenes/JammoScene_Profiles using Guid(0812d853c21941242af11b6947824b4a) Importer(815301076,1909f56bfc062723c751e8b465ee728b)  -> (artifact id: 'a0b098e2f3cce5d08cf0a53ce4346ec5') in 0.022680 seconds 
  Import took 0.069631 seconds .

========================================================================
Received Import Request.
  Time since last request: 0.571194 seconds.
  path: Assets/Jammo-Character/Scenes/JammoScene_Profiles/GameObject Profile.asset
  artifactKey: Guid(beb8e357b61332141b55e69963cf4f96) Importer(815301076,1909f56bfc062723c751e8b465ee728b)
Start importing Assets/Jammo-Character/Scenes/JammoScene_Profiles/GameObject Profile.asset using Guid(beb8e357b61332141b55e69963cf4f96) Importer(815301076,1909f56bfc062723c751e8b465ee728b)  -> (artifact id: '476860c8fe469195c0307421320e3a81') in 0.059901 seconds 
  Import took 0.090229 seconds .

========================================================================
Received Prepare
Registering precompiled user dll's ...
Registered in 0.002394 seconds.
Begin MonoManager ReloadAssembly
Native extension for WindowsStandalone target not found
Native extension for WebGL target not found
Refreshing native plugins compatible for Editor in 0.89 ms, found 4 plugins.
Preloading 0 native plugins for Editor in 0.00 ms.
Mono: successfully reloaded assembly
- Completed reload, in  0.937 seconds
Domain Reload Profiling:
	ReloadAssembly (937ms)
		BeginReloadAssembly (98ms)
			ExecutionOrderSort (0ms)
			DisableScriptedObjects (4ms)
			BackupInstance (0ms)
			ReleaseScriptingObjects (0ms)
			CreateAndSetChildDomain (41ms)
		EndReloadAssembly (803ms)
			LoadAssemblies (67ms)
			RebuildTransferFunctionScriptingTraits (0ms)
			SetupTypeCache (217ms)
			ReleaseScriptCaches (2ms)
			RebuildScriptCaches (41ms)
			SetupLoadedEditorAssemblies (275ms)
				LogAssemblyErrors (0ms)
				InitializePlatformSupportModulesInManaged (3ms)
				SetLoadedEditorAssemblies (0ms)
				RefreshPlugins (1ms)
				BeforeProcessingInitializeOnLoad (67ms)
				ProcessInitializeOnLoadAttributes (194ms)
				ProcessInitializeOnLoadMethodAttributes (7ms)
				AfterProcessingInitializeOnLoad (1ms)
				EditorAssembliesLoaded (0ms)
			ExecutionOrderSort2 (0ms)
			AwakeInstancesAfterBackupRestoration (13ms)
Platform modules already initialized, skipping
Refreshing native plugins compatible for Editor in 0.94 ms, found 4 plugins.
Preloading 0 native plugins for Editor in 0.00 ms.
Unloading 4189 Unused Serialized files (Serialized files now loaded: 0)
System memory in use before: 227.7 MB.
System memory in use after: 227.9 MB.

Unloading 19 unused Assets to reduce memory usage. Loaded Objects now: 5250.
Total: 3.747300 ms (FindLiveObjects: 0.300700 ms CreateObjectMapping: 0.166500 ms MarkObjects: 3.257500 ms  DeleteObjects: 0.021800 ms)

AssetImportParameters requested are different than current active one (requested -> active):
  custom:framework-win-MediaFoundation: 216162199b28c13a410421893ffa2e32 -> 
  custom:video-decoder-ogg-theora: a1e56fd34408186e4bbccfd4996cb3dc -> 
  custom:container-muxer-webm: aa71ff27fc2769a1b78a27578f13a17b -> 
  custom:container-demuxer-webm: 4f35f7cbe854078d1ac9338744f61a02 -> 
  custom:container-demuxer-ogg: 62fdf1f143b41e24485cea50d1cbac27 -> 
  custom:video-encoder-webm-vp8: eb34c28f22e8b96e1ab97ce403110664 -> 
  custom:video-decoder-webm-vp8: 9c59270c3fd7afecdb556c50c9e8de78 -> 
  custom:audio-decoder-ogg-vorbis: bf7c407c2cedff20999df2af8eb42d56 -> 
  custom:audio-encoder-webm-vorbis: bf7c407c2cedff20999df2af8eb42d56 -> 
========================================================================
Received Import Request.
  Time since last request: 41.563453 seconds.
  path: Assets/Scenes/Enemies.prefab
  artifactKey: Guid(e0ce22956e1115147950e948dc2423c5) Importer(815301076,1909f56bfc062723c751e8b465ee728b)
Start importing Assets/Scenes/Enemies.prefab using Guid(e0ce22956e1115147950e948dc2423c5) Importer(815301076,1909f56bfc062723c751e8b465ee728b)  -> (artifact id: 'dea28a9f60de326cb5f04fed6c439da9') in 1.621068 seconds 
  Import took 1.654566 seconds .

========================================================================
Received Import Request.
  Time since last request: 0.755211 seconds.
  path: Assets/Scenes/New Scene.unity
  artifactKey: Guid(dddd788bd4892ba4a9b675b8270b54ad) Importer(815301076,1909f56bfc062723c751e8b465ee728b)
Start importing Assets/Scenes/New Scene.unity using Guid(dddd788bd4892ba4a9b675b8270b54ad) Importer(815301076,1909f56bfc062723c751e8b465ee728b)  -> (artifact id: 'ad419478e769a12bc5851c8dea24a8e4') in 0.015775 seconds 
  Import took 0.039252 seconds .

========================================================================
Received Prepare
Registering precompiled user dll's ...
Registered in 0.002519 seconds.
Begin MonoManager ReloadAssembly
Native extension for WindowsStandalone target not found
Native extension for WebGL target not found
Refreshing native plugins compatible for Editor in 0.88 ms, found 4 plugins.
Preloading 0 native plugins for Editor in 0.00 ms.
Mono: successfully reloaded assembly
- Completed reload, in  0.956 seconds
Domain Reload Profiling:
	ReloadAssembly (957ms)
		BeginReloadAssembly (113ms)
			ExecutionOrderSort (0ms)
			DisableScriptedObjects (22ms)
			BackupInstance (0ms)
			ReleaseScriptingObjects (0ms)
			CreateAndSetChildDomain (39ms)
		EndReloadAssembly (806ms)
			LoadAssemblies (63ms)
			RebuildTransferFunctionScriptingTraits (0ms)
			SetupTypeCache (229ms)
			ReleaseScriptCaches (2ms)
			RebuildScriptCaches (56ms)
			SetupLoadedEditorAssemblies (291ms)
				LogAssemblyErrors (0ms)
				InitializePlatformSupportModulesInManaged (3ms)
				SetLoadedEditorAssemblies (0ms)
				RefreshPlugins (1ms)
				BeforeProcessingInitializeOnLoad (72ms)
				ProcessInitializeOnLoadAttributes (205ms)
				ProcessInitializeOnLoadMethodAttributes (8ms)
				AfterProcessingInitializeOnLoad (1ms)
				EditorAssembliesLoaded (0ms)
			ExecutionOrderSort2 (0ms)
			AwakeInstancesAfterBackupRestoration (14ms)
Platform modules already initialized, skipping
Refreshing native plugins compatible for Editor in 0.87 ms, found 4 plugins.
Preloading 0 native plugins for Editor in 0.00 ms.
Unloading 4189 Unused Serialized files (Serialized files now loaded: 0)
System memory in use before: 228.4 MB.
System memory in use after: 228.7 MB.

Unloading 19 unused Assets to reduce memory usage. Loaded Objects now: 5353.
Total: 3.931100 ms (FindLiveObjects: 0.369100 ms CreateObjectMapping: 0.205100 ms MarkObjects: 3.326200 ms  DeleteObjects: 0.030000 ms)

AssetImportParameters requested are different than current active one (requested -> active):
  custom:framework-win-MediaFoundation: 216162199b28c13a410421893ffa2e32 -> 
  custom:video-decoder-ogg-theora: a1e56fd34408186e4bbccfd4996cb3dc -> 
  custom:container-muxer-webm: aa71ff27fc2769a1b78a27578f13a17b -> 
  custom:container-demuxer-webm: 4f35f7cbe854078d1ac9338744f61a02 -> 
  custom:container-demuxer-ogg: 62fdf1f143b41e24485cea50d1cbac27 -> 
  custom:video-encoder-webm-vp8: eb34c28f22e8b96e1ab97ce403110664 -> 
  custom:video-decoder-webm-vp8: 9c59270c3fd7afecdb556c50c9e8de78 -> 
  custom:audio-decoder-ogg-vorbis: bf7c407c2cedff20999df2af8eb42d56 -> 
  custom:audio-encoder-webm-vorbis: bf7c407c2cedff20999df2af8eb42d56 -> 
========================================================================
Received Import Request.
  Time since last request: 128.269418 seconds.
  path: Assets/Scenes/MixandJam.unity
  artifactKey: Guid(8ac413c46a121f641b12cf38b3fded7a) Importer(815301076,1909f56bfc062723c751e8b465ee728b)
Start importing Assets/Scenes/MixandJam.unity using Guid(8ac413c46a121f641b12cf38b3fded7a) Importer(815301076,1909f56bfc062723c751e8b465ee728b)  -> (artifact id: '080adb9aad3368e3e69489acac968588') in 0.021414 seconds 
  Import took 0.526702 seconds .

AssetImportWorkerClient::OnTransportError - code=2 error=End of file
